\BOOKMARK [1][-]{Doc-Start}{Ivadas}{}% 1
\BOOKMARK [1][-]{Doc-Start}{Funkciniai reikalavimai}{}% 2
\BOOKMARK [2][-]{subsection.1}{Bendri reikalavimai}{Doc-Start}% 3
\BOOKMARK [2][-]{subsection.9}{Vartotojo u\236duociu reikalavimai}{Doc-Start}% 4
\BOOKMARK [3][-]{subsubsection.11}{Pagrindinio meniu reikalavimai}{subsection.9}% 5
\BOOKMARK [3][-]{subsubsection.16}{Vartotojo registracijos reikalavimai}{subsection.9}% 6
\BOOKMARK [3][-]{subsubsection.28}{Vartotojo prisijungimo reikalavimai}{subsection.9}% 7
\BOOKMARK [3][-]{subsubsection.35}{Vartotojo skelbimu paie\235kos reikalavimai}{subsection.9}% 8
\BOOKMARK [3][-]{subsubsection.44}{Vartotojo megstamiausiu skelbimu per\236iuros reikalavimai}{subsection.9}% 9
\BOOKMARK [3][-]{subsubsection.49}{Vartotojo megstamiausio skelbimo i\235saugojimo reikalavimai}{subsection.9}% 10
\BOOKMARK [3][-]{subsubsection.55}{Vartotojo megstamiausio skelbimo pa\235alinimo reikalavimai}{subsection.9}% 11
\BOOKMARK [2][-]{subsection.63}{Administratoriaus u\236duociu reikalavimai}{Doc-Start}% 12
\BOOKMARK [3][-]{subsubsection.65}{Administratoriaus prisijungimo reikalavimai}{subsection.63}% 13
\BOOKMARK [3][-]{subsubsection.73}{Administratoriaus skelbimu \235altinio pridejimo reikalavimai}{subsection.63}% 14
\BOOKMARK [3][-]{subsubsection.83}{Administratoriaus skelbimu \235altinio pa\235alinimo reikalavimai}{subsection.63}% 15
\BOOKMARK [1][-]{Item.89}{Nefunkciniai reikalavimai}{}% 16
\BOOKMARK [2][-]{subsection.90}{Vidiniu interfeisu reikalavimai}{Item.89}% 17
\BOOKMARK [2][-]{subsection.96}{Tikslumo reikalavimai}{Item.89}% 18
\BOOKMARK [2][-]{subsection.99}{Patikimumo reikalavimai}{Item.89}% 19
\BOOKMARK [2][-]{subsection.104}{Robasti\235kumo reikalavimai}{Item.89}% 20
\BOOKMARK [2][-]{subsection.110}{Na\235umo reikalavimai}{Item.89}% 21
\BOOKMARK [1][-]{Item.114}{Interfeiso reikalavimai}{}% 22
\BOOKMARK [2][-]{subsection.115}{Bendri reikalavimai}{Item.114}% 23
\BOOKMARK [2][-]{subsection.141}{Ergonominiai reikalavimai}{Item.114}% 24
\BOOKMARK [1][-]{Item.144}{Rezultatai}{}% 25
\BOOKMARK [1][-]{Item.144}{I\235vados}{}% 26
