This is pdfTeX, Version 3.14159265-2.6-1.40.19 (MiKTeX 2.9.6840 64-bit) (preloaded format=pdflatex 2018.10.10)  8 NOV 2018 21:23
entering extended mode
**./AutoINF.tex
(AutoINF.tex
LaTeX2e <2018-04-01> patch level 5
("D:\MiKTeX 2.9\tex\latex\base\article.cls"
Document Class: article 2014/09/29 v1.4h Standard LaTeX document class
("D:\MiKTeX 2.9\tex\latex\base\size12.clo"
File: size12.clo 2014/09/29 v1.4h Standard LaTeX file (size option)
)
\c@part=\count80
\c@section=\count81
\c@subsection=\count82
\c@subsubsection=\count83
\c@paragraph=\count84
\c@subparagraph=\count85
\c@figure=\count86
\c@table=\count87
\abovecaptionskip=\skip41
\belowcaptionskip=\skip42
\bibindent=\dimen102
)
("D:\MiKTeX 2.9\tex\latex\base\inputenc.sty"
Package: inputenc 2018/04/06 v1.3b Input encoding file
\inpenc@prehook=\toks14
\inpenc@posthook=\toks15

("D:\MiKTeX 2.9\tex\latex\ucs\utf8x.def"
File: utf8x.def 2004/10/17 UCS: Input encoding UTF-8
)) ("D:\MiKTeX 2.9\tex\latex\ucs\ucs.sty"
Package: ucs 2013/05/11 v2.2 UCS: Unicode input support
 ("D:\MiKTeX 2.9\tex\latex\ucs\uni-global.def"
File: uni-global.def 2013/05/13 UCS: Unicode global data
)
\uc@secondtry=\count88
\uc@combtoks=\toks16
\uc@combtoksb=\toks17
\uc@temptokena=\toks18
)
("D:\MiKTeX 2.9\tex\latex\base\fontenc.sty"
Package: fontenc 2017/04/05 v2.0i Standard LaTeX package

("D:\MiKTeX 2.9\tex\latex\lithuanian\l7xenc.def"
File: l7xenc.def 2017/12/06 v2.0 LaTeX-LT file
)
("D:\MiKTeX 2.9\tex\latex\cyrillic\t2aenc.def"
File: t2aenc.def 2005/09/27 v1.0i Cyrillic encoding definition file
)
LaTeX Font Info:    Try loading font information for T2A+lmr on input line 105.

LaTeX Font Info:    No file T2Almr.fd. on input line 105.
LaTeX Font Info:    Try loading font information for T2A+cmr on input line 105.


("D:\MiKTeX 2.9\tex\latex\cyrillic\t2acmr.fd"
File: t2acmr.fd 2001/08/11 v1.0a Computer Modern Cyrillic font definitions
)

LaTeX Font Warning: Font shape `T2A/lmr/m/n' undefined
(Font)              using `T2A/cmr/m/n' instead on input line 105.

) ("D:\MiKTeX 2.9\tex\generic\babel\babel.sty"
Package: babel 2018/10/03 3.25 The Babel package

("D:\MiKTeX 2.9\tex\generic\babel\switch.def"
File: switch.def 2018/10/03 3.25 Babel switching mechanism
)
*************************************
* Local config file bblopts.cfg used
*
("D:\MiKTeX 2.9\tex\latex\arabi\bblopts.cfg"
File: bblopts.cfg 2005/09/08 v0.1 add Arabic and Farsi to "declared" options of
 babel
)
("D:\MiKTeX 2.9\tex\latex\lithuanian\lithuanian.ldf"
Language: lithuanian 2017/12/06 v1.0 Lithuanian support from the babel system

("D:\MiKTeX 2.9\tex\generic\babel\babel.def"
File: babel.def 2018/10/03 3.25 Babel common definitions
\babel@savecnt=\count89
\U@D=\dimen103

("D:\MiKTeX 2.9\tex\generic\babel\txtbabel.def")
\bbl@dirlevel=\count90
)))
("D:\MiKTeX 2.9\tex\latex\vwcol\vwcol.sty"
Package: vwcol 2008/06/24 v0.1 Variable-width multicolumn text

("D:\MiKTeX 2.9\tex\latex\tools\calc.sty"
Package: calc 2017/05/25 v4.3 Infix arithmetic (KKT,FJ)
\calc@Acount=\count91
\calc@Bcount=\count92
\calc@Adimen=\dimen104
\calc@Bdimen=\dimen105
\calc@Askip=\skip43
\calc@Bskip=\skip44
LaTeX Info: Redefining \setlength on input line 80.
LaTeX Info: Redefining \addtolength on input line 81.
\calc@Ccount=\count93
\calc@Cskip=\skip45
)
("D:\MiKTeX 2.9\tex\latex\environ\environ.sty"
Package: environ 2014/05/04 v0.3 A new way to define environments

("D:\MiKTeX 2.9\tex\latex\trimspaces\trimspaces.sty"
Package: trimspaces 2009/09/17 v1.1 Trim spaces around a token list
)
\@envbody=\toks19
)
("D:\MiKTeX 2.9\tex\latex\graphics\keyval.sty"
Package: keyval 2014/10/28 v1.15 key=value parser (DPC)
\KV@toks@=\toks20
)
("D:\MiKTeX 2.9\tex\latex\ms\ragged2e.sty"
Package: ragged2e 2009/05/21 v2.1 ragged2e Package (MS)

("D:\MiKTeX 2.9\tex\latex\ms\everysel.sty"
Package: everysel 2011/10/28 v1.2 EverySelectfont Package (MS)
)
\CenteringLeftskip=\skip46
\RaggedLeftLeftskip=\skip47
\RaggedRightLeftskip=\skip48
\CenteringRightskip=\skip49
\RaggedLeftRightskip=\skip50
\RaggedRightRightskip=\skip51
\CenteringParfillskip=\skip52
\RaggedLeftParfillskip=\skip53
\RaggedRightParfillskip=\skip54
\JustifyingParfillskip=\skip55
\CenteringParindent=\skip56
\RaggedLeftParindent=\skip57
\RaggedRightParindent=\skip58
\JustifyingParindent=\skip59
)
\vwcol@sep=\skip60
\vwcol@rule=\skip61
\vwcol@totalwidth=\skip62
\vwcol@averagewidth=\skip63
\vwcol@parindent=\skip64
\vwcol@last=\count94
\vwcol@Ncols=\count95
\vwcol@Nlines=\count96
\vwcol@maxrecursion=\count97
\vwcol@box=\box26
\vwcol@plainbox=\box27
\vwcol@outputbox=\box28
)
("D:\MiKTeX 2.9\tex\latex\sectsty\sectsty.sty"
Package: sectsty 2002/02/25 v2.0.2 Commands to change all sectional heading sty
les
)
("D:\MiKTeX 2.9\tex\latex\setspace\setspace.sty"
Package: setspace 2011/12/19 v6.7a set line spacing
)
("D:\MiKTeX 2.9\tex\latex\fancyhdr\fancyhdr.sty"
Package: fancyhdr 2017/06/30 v3.9a Extensive control of page headers and footer
s
\f@nch@headwidth=\skip65
\f@nch@O@elh=\skip66
\f@nch@O@erh=\skip67
\f@nch@O@olh=\skip68
\f@nch@O@orh=\skip69
\f@nch@O@elf=\skip70
\f@nch@O@erf=\skip71
\f@nch@O@olf=\skip72
\f@nch@O@orf=\skip73
)
("D:\MiKTeX 2.9\tex\latex\graphics\graphicx.sty"
Package: graphicx 2017/06/01 v1.1a Enhanced LaTeX Graphics (DPC,SPQR)

("D:\MiKTeX 2.9\tex\latex\graphics\graphics.sty"
Package: graphics 2017/06/25 v1.2c Standard LaTeX Graphics (DPC,SPQR)

("D:\MiKTeX 2.9\tex\latex\graphics\trig.sty"
Package: trig 2016/01/03 v1.10 sin cos tan (DPC)
)
("D:\MiKTeX 2.9\tex\latex\graphics-cfg\graphics.cfg"
File: graphics.cfg 2016/06/04 v1.11 sample graphics configuration
)
Package graphics Info: Driver file: pdftex.def on input line 99.

("D:\MiKTeX 2.9\tex\latex\graphics-def\pdftex.def"
File: pdftex.def 2018/01/08 v1.0l Graphics/color driver for pdftex
))
\Gin@req@height=\dimen106
\Gin@req@width=\dimen107
)
("D:\MiKTeX 2.9\tex\latex\titlesec\titlesec.sty"
Package: titlesec 2016/03/21 v2.10.2 Sectioning titles
\ttl@box=\box29
\beforetitleunit=\skip74
\aftertitleunit=\skip75
\ttl@plus=\dimen108
\ttl@minus=\dimen109
\ttl@toksa=\toks21
\titlewidth=\dimen110
\titlewidthlast=\dimen111
\titlewidthfirst=\dimen112
)
("D:\MiKTeX 2.9\tex\latex\graphics\epsfig.sty"
Package: epsfig 2017/06/25 v1.7b (e)psfig emulation (SPQR)
\epsfxsize=\dimen113
\epsfysize=\dimen114
)
("D:\MiKTeX 2.9\tex\latex\tools\indentfirst.sty"
Package: indentfirst 1995/11/23 v1.03 Indent first paragraph (DPC)
)
("D:\MiKTeX 2.9\tex\latex\geometry\geometry.sty"
Package: geometry 2018/04/16 v5.8 Page Geometry

("D:\MiKTeX 2.9\tex\generic\oberdiek\ifpdf.sty"
Package: ifpdf 2018/09/07 v3.3 Provides the ifpdf switch
)
("D:\MiKTeX 2.9\tex\generic\oberdiek\ifvtex.sty"
Package: ifvtex 2016/05/16 v1.6 Detect VTeX and its facilities (HO)
Package ifvtex Info: VTeX not detected.
)
("D:\MiKTeX 2.9\tex\generic\ifxetex\ifxetex.sty"
Package: ifxetex 2010/09/12 v0.6 Provides ifxetex conditional
)
\Gm@cnth=\count98
\Gm@cntv=\count99
\c@Gm@tempcnt=\count100
\Gm@bindingoffset=\dimen115
\Gm@wd@mp=\dimen116
\Gm@odd@mp=\dimen117
\Gm@even@mp=\dimen118
\Gm@layoutwidth=\dimen119
\Gm@layoutheight=\dimen120
\Gm@layouthoffset=\dimen121
\Gm@layoutvoffset=\dimen122
\Gm@dimlist=\toks22

("D:\MiKTeX 2.9\tex\latex\geometry\geometry.cfg"))
("D:\MiKTeX 2.9\tex\latex\svg\svg.sty"
Package: svg 2018/09/08 v2.02 (include SVG pictures)

("D:\MiKTeX 2.9\tex\latex\koma-script\scrbase.sty"
Package: scrbase 2018/03/30 v3.25 KOMA-Script package (KOMA-Script-independent 
basics and keyval usage)

("D:\MiKTeX 2.9\tex\latex\koma-script\scrlfile.sty"
Package: scrlfile 2018/03/30 v3.25 KOMA-Script package (loading files)
))
("D:\MiKTeX 2.9\tex\generic\oberdiek\ifluatex.sty"
Package: ifluatex 2016/05/16 v1.4 Provides the ifluatex switch (HO)
Package ifluatex Info: LuaTeX not detected.
)
("D:\MiKTeX 2.9\tex\generic\oberdiek\pdftexcmds.sty"
Package: pdftexcmds 2018/09/10 v0.29 Utility functions of pdfTeX for LuaTeX (HO
)

("D:\MiKTeX 2.9\tex\generic\oberdiek\infwarerr.sty"
Package: infwarerr 2016/05/16 v1.4 Providing info/warning/error messages (HO)
)
("D:\MiKTeX 2.9\tex\generic\oberdiek\ltxcmds.sty"
Package: ltxcmds 2016/05/16 v1.23 LaTeX kernel commands for general use (HO)
)
Package pdftexcmds Info: LuaTeX not detected.
Package pdftexcmds Info: \pdf@primitive is available.
Package pdftexcmds Info: \pdf@ifprimitive is available.
Package pdftexcmds Info: \pdfdraftmode found.
)
("D:\MiKTeX 2.9\tex\latex\tools\shellesc.sty"
Package: shellesc 2016/06/07 v0.02a unified shell escape interface for LaTeX
Package shellesc Info: Restricted shell escape enabled on input line 69.
)
\svg@box=\box30
\c@svg@param@lastpage=\count101
\c@svg@param@currpage=\count102
)
("D:\MiKTeX 2.9\tex\latex\xcolor\xcolor.sty"
Package: xcolor 2016/05/11 v2.12 LaTeX color extensions (UK)

("D:\MiKTeX 2.9\tex\latex\graphics-cfg\color.cfg"
File: color.cfg 2016/01/02 v1.6 sample color configuration
)
Package xcolor Info: Driver file: pdftex.def on input line 225.
Package xcolor Info: Model `cmy' substituted by `cmy0' on input line 1348.
Package xcolor Info: Model `hsb' substituted by `rgb' on input line 1352.
Package xcolor Info: Model `RGB' extended on input line 1364.
Package xcolor Info: Model `HTML' substituted by `rgb' on input line 1366.
Package xcolor Info: Model `Hsb' substituted by `hsb' on input line 1367.
Package xcolor Info: Model `tHsb' substituted by `hsb' on input line 1368.
Package xcolor Info: Model `HSB' substituted by `hsb' on input line 1369.
Package xcolor Info: Model `Gray' substituted by `gray' on input line 1370.
Package xcolor Info: Model `wave' substituted by `hsb' on input line 1371.
)
("D:\MiKTeX 2.9\tex\latex\oberdiek\transparent.sty"
Package: transparent 2016/05/16 v1.1 Transparency via pdfTeX's color stack (HO)


("D:\MiKTeX 2.9\tex\latex\oberdiek\auxhook.sty"
Package: auxhook 2016/05/16 v1.4 Hooks for auxiliary files (HO)
)) (AutoINF.aux)
\openout1 = `AutoINF.aux'.

LaTeX Font Info:    Checking defaults for OML/cmm/m/it on input line 41.
LaTeX Font Info:    ... okay on input line 41.
LaTeX Font Info:    Checking defaults for T1/cmr/m/n on input line 41.
LaTeX Font Info:    ... okay on input line 41.
LaTeX Font Info:    Checking defaults for OT1/cmr/m/n on input line 41.
LaTeX Font Info:    ... okay on input line 41.
LaTeX Font Info:    Checking defaults for OMS/cmsy/m/n on input line 41.
LaTeX Font Info:    ... okay on input line 41.
LaTeX Font Info:    Checking defaults for OMX/cmex/m/n on input line 41.
LaTeX Font Info:    ... okay on input line 41.
LaTeX Font Info:    Checking defaults for U/cmr/m/n on input line 41.
LaTeX Font Info:    ... okay on input line 41.
LaTeX Font Info:    Checking defaults for L7x/lmr/m/n on input line 41.
LaTeX Font Info:    Try loading font information for L7x+lmr on input line 41.

("D:\MiKTeX 2.9\tex\latex\lm\l7xlmr.fd"
File: l7xlmr.fd 2009/10/30 v1.6 Font defs for Latin Modern
)
LaTeX Font Info:    ... okay on input line 41.
LaTeX Font Info:    Checking defaults for T2A/cmr/m/n on input line 41.
LaTeX Font Info:    ... okay on input line 41.

("D:\MiKTeX 2.9\tex\latex\ucs\ucsencs.def"
File: ucsencs.def 2011/01/21 Fixes to fontencodings LGR, T3
)
ABD: EverySelectfont initializing macros
LaTeX Info: Redefining \selectfont on input line 41.

("D:\MiKTeX 2.9\tex\context\base\supp-pdf.mkii"
[Loading MPS to PDF converter (version 2006.09.02).]
\scratchcounter=\count103
\scratchdimen=\dimen123
\scratchbox=\box31
\nofMPsegments=\count104
\nofMParguments=\count105
\everyMPshowfont=\toks23
\MPscratchCnt=\count106
\MPscratchDim=\dimen124
\MPnumerator=\count107
\makeMPintoPDFobject=\count108
\everyMPtoPDFconversion=\toks24
) ("D:\MiKTeX 2.9\tex\latex\oberdiek\epstopdf-base.sty"
Package: epstopdf-base 2016/05/15 v2.6 Base part for package epstopdf

("D:\MiKTeX 2.9\tex\latex\oberdiek\grfext.sty"
Package: grfext 2016/05/16 v1.2 Manage graphics extensions (HO)

("D:\MiKTeX 2.9\tex\generic\oberdiek\kvdefinekeys.sty"
Package: kvdefinekeys 2016/05/16 v1.4 Define keys (HO)
))
("D:\MiKTeX 2.9\tex\latex\oberdiek\kvoptions.sty"
Package: kvoptions 2016/05/16 v3.12 Key value format for package options (HO)

("D:\MiKTeX 2.9\tex\generic\oberdiek\kvsetkeys.sty"
Package: kvsetkeys 2016/05/16 v1.17 Key value parser (HO)

("D:\MiKTeX 2.9\tex\generic\oberdiek\etexcmds.sty"
Package: etexcmds 2016/05/16 v1.6 Avoid name clashes with e-TeX commands (HO)
Package etexcmds Info: Could not find \expanded.
(etexcmds)             That can mean that you are not using pdfTeX 1.50 or
(etexcmds)             that some package has redefined \expanded.
(etexcmds)             In the latter case, load this package earlier.
)))
Package epstopdf-base Info: Redefining graphics rule for `.eps' on input line 4
38.
Package grfext Info: Graphics extension search list:
(grfext)             [.pdf,.png,.jpg,.mps,.jpeg,.jbig2,.jb2,.PDF,.PNG,.JPG,.JPE
G,.JBIG2,.JB2,.eps]
(grfext)             \AppendGraphicsExtensions on input line 456.
)
*geometry* driver: auto-detecting
*geometry* detected driver: pdftex
*geometry* verbose mode - [ preamble ] result:
* driver: pdftex
* paper: <default>
* layout: <same size as paper>
* layoutoffset:(h,v)=(0.0pt,0.0pt)
* modes: 
* h-part:(L,W,R)=(85.35826pt, 486.25761pt, 42.67912pt)
* v-part:(T,H,B)=(56.9055pt, 681.15898pt, 56.9055pt)
* \paperwidth=614.295pt
* \paperheight=794.96999pt
* \textwidth=486.25761pt
* \textheight=681.15898pt
* \oddsidemargin=13.08827pt
* \evensidemargin=13.08827pt
* \topmargin=-52.36449pt
* \headheight=12.0pt
* \headsep=25.0pt
* \topskip=12.0pt
* \footskip=30.0pt
* \marginparwidth=44.0pt
* \marginparsep=10.0pt
* \columnsep=10.0pt
* \skip\footins=10.8pt plus 4.0pt minus 2.0pt
* \hoffset=0.0pt
* \voffset=0.0pt
* \mag=1000
* \@twocolumnfalse
* \@twosidefalse
* \@mparswitchfalse
* \@reversemarginfalse
* (1in=72.27pt=25.4mm, 1cm=28.453pt)

("D:\MiKTeX 2.9\tex\latex\ucs\uni-1.def"
File: uni-1.def 2013/05/13 UCS: Unicode data U+0100..U+01FF
)
LaTeX Font Info:    External font `cmex10' loaded for size
(Font)              <14.4> on input line 43.
LaTeX Font Info:    External font `cmex10' loaded for size
(Font)              <7> on input line 43.
LaTeX Font Info:    External font `cmex10' loaded for size
(Font)              <12> on input line 70.
LaTeX Font Info:    External font `cmex10' loaded for size
(Font)              <8> on input line 70.
LaTeX Font Info:    External font `cmex10' loaded for size
(Font)              <6> on input line 70.
 [1


{C:/Users/stong/AppData/Local/MiKTeX/2.9/pdftex/config/pdftex.map}] [2] (AutoIN
F.toc)
\tf@toc=\write3
\openout3 = `AutoINF.toc'.

 [3]
("D:\MiKTeX 2.9\tex\latex\ucs\uni-32.def"
File: uni-32.def 2013/05/13 UCS: Unicode data U+2000..U+20FF
) [4]
Package epstopdf Info: Source file: <Tikslai.eps>
(epstopdf)                    date: 2018-10-19 10:07:46
(epstopdf)                    size: 54319 bytes
(epstopdf)             Output file: <Tikslai-eps-converted-to.pdf>
(epstopdf)                    date: 2018-10-19 10:07:46
(epstopdf)                    size: 12207 bytes
(epstopdf)             Command: <epstopdf --outfile=Tikslai-eps-converted-to.pd
f Tikslai.eps>
(epstopdf)             \includegraphics on input line 148.
Package epstopdf Info: Output file is already uptodate.


pdfTeX warning: pdflatex (file ./Tikslai-eps-converted-to.pdf): PDF inclusion: 
found PDF version <1.7>, but at most version <1.5> allowed
<Tikslai-eps-converted-to.pdf, id=19, 531.9875pt x 240.9pt>
File: Tikslai-eps-converted-to.pdf Graphic file (type pdf)
<use Tikslai-eps-converted-to.pdf>
Package pdftex.def Info: Tikslai-eps-converted-to.pdf  used on input line 148.
(pdftex.def)             Requested size: 486.25761pt x 220.1971pt.
[5 <./Tikslai-eps-converted-to.pdf>]
Package epstopdf Info: Source file: <TikslaiVartotojas.eps>
(epstopdf)                    date: 2018-10-19 10:07:46
(epstopdf)                    size: 47378 bytes
(epstopdf)             Output file: <TikslaiVartotojas-eps-converted-to.pdf>
(epstopdf)                    date: 2018-10-19 10:07:46
(epstopdf)                    size: 10608 bytes
(epstopdf)             Command: <epstopdf --outfile=TikslaiVartotojas-eps-conve
rted-to.pdf TikslaiVartotojas.eps>
(epstopdf)             \includegraphics on input line 160.
Package epstopdf Info: Output file is already uptodate.


pdfTeX warning: pdflatex (file ./TikslaiVartotojas-eps-converted-to.pdf): PDF i
nclusion: found PDF version <1.7>, but at most version <1.5> allowed
<TikslaiVartotojas-eps-converted-to.pdf, id=36, 319.1925pt x 242.9075pt>
File: TikslaiVartotojas-eps-converted-to.pdf Graphic file (type pdf)
<use TikslaiVartotojas-eps-converted-to.pdf>
Package pdftex.def Info: TikslaiVartotojas-eps-converted-to.pdf  used on input 
line 160.
(pdftex.def)             Requested size: 340.37885pt x 259.0337pt.
[6 <./TikslaiVartotojas-eps-converted-to.pdf>]
Overfull \hbox (2.831pt too wide) in paragraph at lines 168--169
[]\T2A/cmr/m/n/12 3[] pa-veiksl
elyje pa-teik-tos ad-mi-nist-ra-to-riui pri-ei-na-mos ½Au-toINF funk-ci-jos: p
rid
eti skelbim[]
 []

Package epstopdf Info: Source file: <TikslaiAdministratorius.eps>
(epstopdf)                    date: 2018-10-19 10:07:46
(epstopdf)                    size: 43349 bytes
(epstopdf)             Output file: <TikslaiAdministratorius-eps-converted-to.p
df>
(epstopdf)                    date: 2018-10-19 10:07:46
(epstopdf)                    size: 9718 bytes
(epstopdf)             Command: <epstopdf --outfile=TikslaiAdministratorius-eps
-converted-to.pdf TikslaiAdministratorius.eps>
(epstopdf)             \includegraphics on input line 172.
Package epstopdf Info: Output file is already uptodate.


pdfTeX warning: pdflatex (file ./TikslaiAdministratorius-eps-converted-to.pdf):
 PDF inclusion: found PDF version <1.7>, but at most version <1.5> allowed
<TikslaiAdministratorius-eps-converted-to.pdf, id=53, 312.16624pt x 153.57375pt
>
File: TikslaiAdministratorius-eps-converted-to.pdf Graphic file (type pdf)
<use TikslaiAdministratorius-eps-converted-to.pdf>
Package pdftex.def Info: TikslaiAdministratorius-eps-converted-to.pdf  used on 
input line 172.
(pdftex.def)             Requested size: 340.37885pt x 167.45767pt.
[7 <./TikslaiAdministratorius-eps-converted-to.pdf>]
Package epstopdf Info: Source file: <Prisiregistruoti.eps>
(epstopdf)                    date: 2018-10-19 10:07:46
(epstopdf)                    size: 73236 bytes
(epstopdf)             Output file: <Prisiregistruoti-eps-converted-to.pdf>
(epstopdf)                    date: 2018-10-19 10:07:46
(epstopdf)                    size: 14176 bytes
(epstopdf)             Command: <epstopdf --outfile=Prisiregistruoti-eps-conver
ted-to.pdf Prisiregistruoti.eps>
(epstopdf)             \includegraphics on input line 185.
Package epstopdf Info: Output file is already uptodate.


pdfTeX warning: pdflatex (file ./Prisiregistruoti-eps-converted-to.pdf): PDF in
clusion: found PDF version <1.7>, but at most version <1.5> allowed
<Prisiregistruoti-eps-converted-to.pdf, id=71, 441.65pt x 268.00125pt>
File: Prisiregistruoti-eps-converted-to.pdf Graphic file (type pdf)
<use Prisiregistruoti-eps-converted-to.pdf>
Package pdftex.def Info: Prisiregistruoti-eps-converted-to.pdf  used on input l
ine 185.
(pdftex.def)             Requested size: 486.25761pt x 295.08443pt.
[8 <./Prisiregistruoti-eps-converted-to.pdf>]
Package epstopdf Info: Source file: <Prisijungti.eps>
(epstopdf)                    date: 2018-10-19 10:07:46
(epstopdf)                    size: 71047 bytes
(epstopdf)             Output file: <Prisijungti-eps-converted-to.pdf>
(epstopdf)                    date: 2018-10-19 10:07:46
(epstopdf)                    size: 13528 bytes
(epstopdf)             Command: <epstopdf --outfile=Prisijungti-eps-converted-t
o.pdf Prisijungti.eps>
(epstopdf)             \includegraphics on input line 196.
Package epstopdf Info: Output file is already uptodate.


pdfTeX warning: pdflatex (file ./Prisijungti-eps-converted-to.pdf): PDF inclusi
on: found PDF version <1.7>, but at most version <1.5> allowed
<Prisijungti-eps-converted-to.pdf, id=93, 411.5375pt x 245.91875pt>
File: Prisijungti-eps-converted-to.pdf Graphic file (type pdf)
<use Prisijungti-eps-converted-to.pdf>
Package pdftex.def Info: Prisijungti-eps-converted-to.pdf  used on input line 1
96.
(pdftex.def)             Requested size: 486.25761pt x 290.57184pt.
[9 <./Prisijungti-eps-converted-to.pdf>]
Package epstopdf Info: Source file: <RastiSkelbima.eps>
(epstopdf)                    date: 2018-10-19 10:07:46
(epstopdf)                    size: 66595 bytes
(epstopdf)             Output file: <RastiSkelbima-eps-converted-to.pdf>
(epstopdf)                    date: 2018-10-19 10:07:46
(epstopdf)                    size: 12394 bytes
(epstopdf)             Command: <epstopdf --outfile=RastiSkelbima-eps-converted
-to.pdf RastiSkelbima.eps>
(epstopdf)             \includegraphics on input line 208.
Package epstopdf Info: Output file is already uptodate.


pdfTeX warning: pdflatex (file ./RastiSkelbima-eps-converted-to.pdf): PDF inclu
sion: found PDF version <1.7>, but at most version <1.5> allowed
<RastiSkelbima-eps-converted-to.pdf, id=115, 424.58624pt x 268.00125pt>
File: RastiSkelbima-eps-converted-to.pdf Graphic file (type pdf)
<use RastiSkelbima-eps-converted-to.pdf>
Package pdftex.def Info: RastiSkelbima-eps-converted-to.pdf  used on input line
 208.
(pdftex.def)             Requested size: 486.25761pt x 306.94359pt.
[10 <./RastiSkelbima-eps-converted-to.pdf>]
Package epstopdf Info: Source file: <IssaugotiMegstamiausia.eps>
(epstopdf)                    date: 2018-10-19 10:07:46
(epstopdf)                    size: 76029 bytes
(epstopdf)             Output file: <IssaugotiMegstamiausia-eps-converted-to.pd
f>
(epstopdf)                    date: 2018-10-19 10:07:46
(epstopdf)                    size: 14504 bytes
(epstopdf)             Command: <epstopdf --outfile=IssaugotiMegstamiausia-eps-
converted-to.pdf IssaugotiMegstamiausia.eps>
(epstopdf)             \includegraphics on input line 220.
Package epstopdf Info: Output file is already uptodate.


pdfTeX warning: pdflatex (file ./IssaugotiMegstamiausia-eps-converted-to.pdf): 
PDF inclusion: found PDF version <1.7>, but at most version <1.5> allowed
<IssaugotiMegstamiausia-eps-converted-to.pdf, id=132, 459.7175pt x 309.155pt>
File: IssaugotiMegstamiausia-eps-converted-to.pdf Graphic file (type pdf)
<use IssaugotiMegstamiausia-eps-converted-to.pdf>
Package pdftex.def Info: IssaugotiMegstamiausia-eps-converted-to.pdf  used on i
nput line 220.
(pdftex.def)             Requested size: 486.25761pt x 327.02344pt.
[11 <./IssaugotiMegstamiausia-eps-converted-to.pdf>]
Package epstopdf Info: Source file: <PasalintiMegstamiausia.eps>
(epstopdf)                    date: 2018-10-19 10:07:46
(epstopdf)                    size: 70943 bytes
(epstopdf)             Output file: <PasalintiMegstamiausia-eps-converted-to.pd
f>
(epstopdf)                    date: 2018-10-19 10:07:46
(epstopdf)                    size: 13355 bytes
(epstopdf)             Command: <epstopdf --outfile=PasalintiMegstamiausia-eps-
converted-to.pdf PasalintiMegstamiausia.eps>
(epstopdf)             \includegraphics on input line 232.
Package epstopdf Info: Output file is already uptodate.


pdfTeX warning: pdflatex (file ./PasalintiMegstamiausia-eps-converted-to.pdf): 
PDF inclusion: found PDF version <1.7>, but at most version <1.5> allowed
<PasalintiMegstamiausia-eps-converted-to.pdf, id=154, 400.49625pt x 245.91875pt
>
File: PasalintiMegstamiausia-eps-converted-to.pdf Graphic file (type pdf)
<use PasalintiMegstamiausia-eps-converted-to.pdf>
Package pdftex.def Info: PasalintiMegstamiausia-eps-converted-to.pdf  used on i
nput line 232.
(pdftex.def)             Requested size: 486.25761pt x 298.59825pt.
[12 <./PasalintiMegstamiausia-eps-converted-to.pdf>]
Package epstopdf Info: Source file: <PerziuretiMegstamiausius.eps>
(epstopdf)                    date: 2018-10-19 10:07:46
(epstopdf)                    size: 72262 bytes
(epstopdf)             Output file: <PerziuretiMegstamiausius-eps-converted-to.
pdf>
(epstopdf)                    date: 2018-10-19 10:07:46
(epstopdf)                    size: 13757 bytes
(epstopdf)             Command: <epstopdf --outfile=PerziuretiMegstamiausius-ep
s-converted-to.pdf PerziuretiMegstamiausius.eps>
(epstopdf)             \includegraphics on input line 243.
Package epstopdf Info: Output file is already uptodate.


pdfTeX warning: pdflatex (file ./PerziuretiMegstamiausius-eps-converted-to.pdf)
: PDF inclusion: found PDF version <1.7>, but at most version <1.5> allowed
<PerziuretiMegstamiausius-eps-converted-to.pdf, id=176, 400.49625pt x 244.915pt
>
File: PerziuretiMegstamiausius-eps-converted-to.pdf Graphic file (type pdf)
<use PerziuretiMegstamiausius-eps-converted-to.pdf>
Package pdftex.def Info: PerziuretiMegstamiausius-eps-converted-to.pdf  used on
 input line 243.
(pdftex.def)             Requested size: 486.25761pt x 297.37949pt.
[13 <./PerziuretiMegstamiausius-eps-converted-to.pdf>]
Package epstopdf Info: Source file: <TvarkytiSkelbimuSaltinius.eps>
(epstopdf)                    date: 2018-10-19 10:07:46
(epstopdf)                    size: 83529 bytes
(epstopdf)             Output file: <TvarkytiSkelbimuSaltinius-eps-converted-to
.pdf>
(epstopdf)                    date: 2018-10-19 10:07:46
(epstopdf)                    size: 15782 bytes
(epstopdf)             Command: <epstopdf --outfile=TvarkytiSkelbimuSaltinius-e
ps-converted-to.pdf TvarkytiSkelbimuSaltinius.eps>
(epstopdf)             \includegraphics on input line 254.
Package epstopdf Info: Output file is already uptodate.


pdfTeX warning: pdflatex (file ./TvarkytiSkelbimuSaltinius-eps-converted-to.pdf
): PDF inclusion: found PDF version <1.7>, but at most version <1.5> allowed
<TvarkytiSkelbimuSaltinius-eps-converted-to.pdf, id=199, 415.5525pt x 458.71375
pt>
File: TvarkytiSkelbimuSaltinius-eps-converted-to.pdf Graphic file (type pdf)
<use TvarkytiSkelbimuSaltinius-eps-converted-to.pdf>
Package pdftex.def Info: TvarkytiSkelbimuSaltinius-eps-converted-to.pdf  used o
n input line 254.
(pdftex.def)             Requested size: 389.00757pt x 429.42714pt.
[14 <./TvarkytiSkelbimuSaltinius-eps-converted-to.pdf>]
Package epstopdf Info: Source file: <KlasiuDiagrama.eps>
(epstopdf)                    date: 2018-10-19 10:07:46
(epstopdf)                    size: 35487 bytes
(epstopdf)             Output file: <KlasiuDiagrama-eps-converted-to.pdf>
(epstopdf)                    date: 2018-10-19 10:07:46
(epstopdf)                    size: 7647 bytes
(epstopdf)             Command: <epstopdf --outfile=KlasiuDiagrama-eps-converte
d-to.pdf KlasiuDiagrama.eps>
(epstopdf)             \includegraphics on input line 269.
Package epstopdf Info: Output file is already uptodate.


pdfTeX warning: pdflatex (file ./KlasiuDiagrama-eps-converted-to.pdf): PDF incl
usion: found PDF version <1.7>, but at most version <1.5> allowed
<KlasiuDiagrama-eps-converted-to.pdf, id=221, 273.02pt x 87.32625pt>
File: KlasiuDiagrama-eps-converted-to.pdf Graphic file (type pdf)
<use KlasiuDiagrama-eps-converted-to.pdf>
Package pdftex.def Info: KlasiuDiagrama-eps-converted-to.pdf  used on input lin
e 269.
(pdftex.def)             Requested size: 486.25761pt x 155.5415pt.
[15 <./KlasiuDiagrama-eps-converted-to.pdf>]
Package epstopdf Info: Source file: <ObjektuDiagrama.eps>
(epstopdf)                    date: 2018-10-19 10:07:46
(epstopdf)                    size: 81186 bytes
(epstopdf)             Output file: <ObjektuDiagrama-eps-converted-to.pdf>
(epstopdf)                    date: 2018-10-19 10:07:46
(epstopdf)                    size: 13097 bytes
(epstopdf)             Command: <epstopdf --outfile=ObjektuDiagrama-eps-convert
ed-to.pdf ObjektuDiagrama.eps>
(epstopdf)             \includegraphics on input line 283.
Package epstopdf Info: Output file is already uptodate.


pdfTeX warning: pdflatex (file ./ObjektuDiagrama-eps-converted-to.pdf): PDF inc
lusion: found PDF version <1.7>, but at most version <1.5> allowed
<ObjektuDiagrama-eps-converted-to.pdf, id=233, 446.66875pt x 221.82875pt>
File: ObjektuDiagrama-eps-converted-to.pdf Graphic file (type pdf)
<use ObjektuDiagrama-eps-converted-to.pdf>
Package pdftex.def Info: ObjektuDiagrama-eps-converted-to.pdf  used on input li
ne 283.
(pdftex.def)             Requested size: 486.25761pt x 241.49403pt.
[16 <./ObjektuDiagrama-eps-converted-to.pdf>]
Package epstopdf Info: Source file: <Komponentai1.eps>
(epstopdf)                    date: 2018-10-19 10:07:46
(epstopdf)                    size: 41945 bytes
(epstopdf)             Output file: <Komponentai1-eps-converted-to.pdf>
(epstopdf)                    date: 2018-10-19 10:07:46
(epstopdf)                    size: 9325 bytes
(epstopdf)             Command: <epstopdf --outfile=Komponentai1-eps-converted-
to.pdf Komponentai1.eps>
(epstopdf)             \includegraphics on input line 299.
Package epstopdf Info: Output file is already uptodate.


pdfTeX warning: pdflatex (file ./Komponentai1-eps-converted-to.pdf): PDF inclus
ion: found PDF version <1.7>, but at most version <1.5> allowed
<Komponentai1-eps-converted-to.pdf, id=251, 269.005pt x 145.54375pt>
File: Komponentai1-eps-converted-to.pdf Graphic file (type pdf)
<use Komponentai1-eps-converted-to.pdf>
Package pdftex.def Info: Komponentai1-eps-converted-to.pdf  used on input line 
299.
(pdftex.def)             Requested size: 486.25761pt x 263.09116pt.
LaTeX Font Info:    Try loading font information for OMS+cmr on input line 307.

("D:\MiKTeX 2.9\tex\latex\base\omscmr.fd"
File: omscmr.fd 2014/09/29 v2.5h Standard LaTeX font definitions
)
LaTeX Font Info:    Font shape `OMS/cmr/m/n' in size <12> not available
(Font)              Font shape `OMS/cmsy/m/n' tried instead on input line 307.
 [17 <./Komponentai1-eps-converted-to.pdf>]
Package epstopdf Info: Source file: <Komponentai2.eps>
(epstopdf)                    date: 2018-10-19 10:07:46
(epstopdf)                    size: 44553 bytes
(epstopdf)             Output file: <Komponentai2-eps-converted-to.pdf>
(epstopdf)                    date: 2018-10-19 10:07:46
(epstopdf)                    size: 10059 bytes
(epstopdf)             Command: <epstopdf --outfile=Komponentai2-eps-converted-
to.pdf Komponentai2.eps>
(epstopdf)             \includegraphics on input line 318.
Package epstopdf Info: Output file is already uptodate.


pdfTeX warning: pdflatex (file ./Komponentai2-eps-converted-to.pdf): PDF inclus
ion: found PDF version <1.7>, but at most version <1.5> allowed
<Komponentai2-eps-converted-to.pdf, id=269, 216.81pt x 158.5925pt>
File: Komponentai2-eps-converted-to.pdf Graphic file (type pdf)
<use Komponentai2-eps-converted-to.pdf>
Package pdftex.def Info: Komponentai2-eps-converted-to.pdf  used on input line 
318.
(pdftex.def)             Requested size: 437.62888pt x 320.15825pt.

Overfull \hbox (2.69635pt too wide) in paragraph at lines 323--324
[]\T2A/cmr/bx/n/12 Vartotojo narsykl
e \T2A/cmr/m/n/12 - kom-po-nen-tas, su-ku-rian-tis var-to-to-jo interfeis[] bei
 vyk-dan-tis komuni-
 []

[18 <./Komponentai2-eps-converted-to.pdf>]
Package epstopdf Info: Source file: <Komponentai3.eps>
(epstopdf)                    date: 2018-10-19 10:07:46
(epstopdf)                    size: 48276 bytes
(epstopdf)             Output file: <Komponentai3-eps-converted-to.pdf>
(epstopdf)                    date: 2018-10-19 10:07:46
(epstopdf)                    size: 10930 bytes
(epstopdf)             Command: <epstopdf --outfile=Komponentai3-eps-converted-
to.pdf Komponentai3.eps>
(epstopdf)             \includegraphics on input line 336.
Package epstopdf Info: Output file is already uptodate.


pdfTeX warning: pdflatex (file ./Komponentai3-eps-converted-to.pdf): PDF inclus
ion: found PDF version <1.7>, but at most version <1.5> allowed
<Komponentai3-eps-converted-to.pdf, id=286, 391.4625pt x 177.66376pt>
File: Komponentai3-eps-converted-to.pdf Graphic file (type pdf)
<use Komponentai3-eps-converted-to.pdf>
Package pdftex.def Info: Komponentai3-eps-converted-to.pdf  used on input line 
336.
(pdftex.def)             Requested size: 486.25761pt x 220.69928pt.
[19 <./Komponentai3-eps-converted-to.pdf>]
Package epstopdf Info: Source file: <RegistracijosVeikla.eps>
(epstopdf)                    date: 2018-10-19 10:07:46
(epstopdf)                    size: 69841 bytes
(epstopdf)             Output file: <RegistracijosVeikla-eps-converted-to.pdf>
(epstopdf)                    date: 2018-10-19 10:07:46
(epstopdf)                    size: 13047 bytes
(epstopdf)             Command: <epstopdf --outfile=RegistracijosVeikla-eps-con
verted-to.pdf RegistracijosVeikla.eps>
(epstopdf)             \includegraphics on input line 359.
Package epstopdf Info: Output file is already uptodate.


pdfTeX warning: pdflatex (file ./RegistracijosVeikla-eps-converted-to.pdf): PDF
 inclusion: found PDF version <1.7>, but at most version <1.5> allowed
<RegistracijosVeikla-eps-converted-to.pdf, id=304, 387.4475pt x 318.18875pt>
File: RegistracijosVeikla-eps-converted-to.pdf Graphic file (type pdf)
<use RegistracijosVeikla-eps-converted-to.pdf>
Package pdftex.def Info: RegistracijosVeikla-eps-converted-to.pdf  used on inpu
t line 359.
(pdftex.def)             Requested size: 437.62888pt x 359.40343pt.
[20 <./RegistracijosVeikla-eps-converted-to.pdf>]
Package epstopdf Info: Source file: <PaieskosVeikla.eps>
(epstopdf)                    date: 2018-10-19 10:07:46
(epstopdf)                    size: 72482 bytes
(epstopdf)             Output file: <PaieskosVeikla-eps-converted-to.pdf>
(epstopdf)                    date: 2018-10-19 10:07:46
(epstopdf)                    size: 13936 bytes
(epstopdf)             Command: <epstopdf --outfile=PaieskosVeikla-eps-converte
d-to.pdf PaieskosVeikla.eps>
(epstopdf)             \includegraphics on input line 370.
Package epstopdf Info: Output file is already uptodate.


pdfTeX warning: pdflatex (file ./PaieskosVeikla-eps-converted-to.pdf): PDF incl
usion: found PDF version <1.7>, but at most version <1.5> allowed
<PaieskosVeikla-eps-converted-to.pdf, id=326, 502.87875pt x 264.99pt>
File: PaieskosVeikla-eps-converted-to.pdf Graphic file (type pdf)
<use PaieskosVeikla-eps-converted-to.pdf>
Package pdftex.def Info: PaieskosVeikla-eps-converted-to.pdf  used on input lin
e 370.
(pdftex.def)             Requested size: 486.25761pt x 256.23131pt.
[21 <./PaieskosVeikla-eps-converted-to.pdf>]
Package epstopdf Info: Source file: <MegstamiausiuVeikla.eps>
(epstopdf)                    date: 2018-10-19 10:07:46
(epstopdf)                    size: 51596 bytes
(epstopdf)             Output file: <MegstamiausiuVeikla-eps-converted-to.pdf>
(epstopdf)                    date: 2018-10-19 10:07:46
(epstopdf)                    size: 11333 bytes
(epstopdf)             Command: <epstopdf --outfile=MegstamiausiuVeikla-eps-con
verted-to.pdf MegstamiausiuVeikla.eps>
(epstopdf)             \includegraphics on input line 381.
Package epstopdf Info: Output file is already uptodate.


pdfTeX warning: pdflatex (file ./MegstamiausiuVeikla-eps-converted-to.pdf): PDF
 inclusion: found PDF version <1.7>, but at most version <1.5> allowed
<MegstamiausiuVeikla-eps-converted-to.pdf, id=348, 397.485pt x 251.94125pt>
File: MegstamiausiuVeikla-eps-converted-to.pdf Graphic file (type pdf)
<use MegstamiausiuVeikla-eps-converted-to.pdf>
Package pdftex.def Info: MegstamiausiuVeikla-eps-converted-to.pdf  used on inpu
t line 381.
(pdftex.def)             Requested size: 486.25761pt x 308.21745pt.
[22 <./MegstamiausiuVeikla-eps-converted-to.pdf>]
Package epstopdf Info: Source file: <ArtifaktaiKomponentai.eps>
(epstopdf)                    date: 2018-10-19 10:07:46
(epstopdf)                    size: 51445 bytes
(epstopdf)             Output file: <ArtifaktaiKomponentai-eps-converted-to.pdf
>
(epstopdf)                    date: 2018-10-19 10:07:46
(epstopdf)                    size: 11032 bytes
(epstopdf)             Command: <epstopdf --outfile=ArtifaktaiKomponentai-eps-c
onverted-to.pdf ArtifaktaiKomponentai.eps>
(epstopdf)             \includegraphics on input line 396.
Package epstopdf Info: Output file is already uptodate.


pdfTeX warning: pdflatex (file ./ArtifaktaiKomponentai-eps-converted-to.pdf): P
DF inclusion: found PDF version <1.7>, but at most version <1.5> allowed
<ArtifaktaiKomponentai-eps-converted-to.pdf, id=365, 240.9pt x 191.71625pt>
File: ArtifaktaiKomponentai-eps-converted-to.pdf Graphic file (type pdf)
<use ArtifaktaiKomponentai-eps-converted-to.pdf>
Package pdftex.def Info: ArtifaktaiKomponentai-eps-converted-to.pdf  used on in
put line 396.
(pdftex.def)             Requested size: 389.00757pt x 309.61617pt.
[23 <./ArtifaktaiKomponentai-eps-converted-to.pdf>]
Underfull \hbox (badness 10000) in paragraph at lines 408--409

 []

Package epstopdf Info: Source file: <Mazgai.eps>
(epstopdf)                    date: 2018-10-19 10:07:46
(epstopdf)                    size: 48027 bytes
(epstopdf)             Output file: <Mazgai-eps-converted-to.pdf>
(epstopdf)                    date: 2018-10-19 10:07:46
(epstopdf)                    size: 10586 bytes
(epstopdf)             Command: <epstopdf --outfile=Mazgai-eps-converted-to.pdf
 Mazgai.eps>
(epstopdf)             \includegraphics on input line 412.
Package epstopdf Info: Output file is already uptodate.


pdfTeX warning: pdflatex (file ./Mazgai-eps-converted-to.pdf): PDF inclusion: f
ound PDF version <1.7>, but at most version <1.5> allowed
<Mazgai-eps-converted-to.pdf, id=382, 389.455pt x 182.6825pt>
File: Mazgai-eps-converted-to.pdf Graphic file (type pdf)
<use Mazgai-eps-converted-to.pdf>
Package pdftex.def Info: Mazgai-eps-converted-to.pdf  used on input line 412.
(pdftex.def)             Requested size: 437.62888pt x 205.28592pt.
[24 <./Mazgai-eps-converted-to.pdf>] [25] [26] [27] [28] (AutoINF.aux)

LaTeX Font Warning: Some font shapes were not available, defaults substituted.

 ) 
Here is how much of TeX's memory you used:
 6358 strings out of 492970
 90614 string characters out of 3142028
 196472 words of memory out of 3000000
 10065 multiletter control sequences out of 15000+200000
 13764 words of font info for 34 fonts, out of 3000000 for 9000
 1141 hyphenation exceptions out of 8191
 48i,11n,43p,1079b,595s stack positions out of 5000i,500n,10000p,200000b,50000s
 <C:\Users\stong\AppData\Local\MiKTeX\2.9\fonts\pk\ljfour\lh\lh-t2a\dpi600\la
bx1200.pk> <C:\Users\stong\AppData\Local\MiKTeX\2.9\fonts\pk\ljfour\lh\lh-t2a\d
pi600\larm1200.pk> <C:\Users\stong\AppData\Local\MiKTeX\2.9\fonts\pk\ljfour\lh\
lh-t2a\dpi600\labx1440.pk> <C:\Users\stong\AppData\Local\MiKTeX\2.9\fonts\pk\lj
four\lh\lh-t2a\dpi600\labx1728.pk> <C:\Users\stong\AppData\Local\MiKTeX\2.9\fon
ts\pk\ljfour\lh\lh-t2a\dpi600\larm2074.pk><D:/MiKTeX 2.9/fonts/type1/public/ams
fonts/cm/cmsy10.pfb>
Output written on AutoINF.pdf (28 pages, 332504 bytes).
PDF statistics:
 657 PDF objects out of 1000 (max. 8388607)
 0 named destinations out of 1000 (max. 500000)
 101 words of extra memory for PDF output out of 10000 (max. 10000000)

